<?xml version="1.0" encoding="UTF-8"?>
<testsuite name="com.milfagirl.FormSubmit" tests="1" skipped="0" failures="0" errors="0" timestamp="2021-09-02T17:44:38" hostname="MacBook-Air-Svetlana.local" time="18.403">
  <properties/>
  <testcase name="newTest()" classname="com.milfagirl.FormSubmit" time="18.403"/>
  <system-out><![CDATA[]]></system-out>
  <system-err><![CDATA[SLF4J: Failed to load class "org.slf4j.impl.StaticLoggerBinder".
SLF4J: Defaulting to no-operation (NOP) logger implementation
SLF4J: See http://www.slf4j.org/codes.html#StaticLoggerBinder for further details.
Starting ChromeDriver 92.0.4515.107 (87a818b10553a07434ea9e2b6dccf3cbe7895134-refs/branch-heads/4515@{#1634}) on port 14324
Only local connections are allowed.
Please see https://chromedriver.chromium.org/security-considerations for suggestions on keeping ChromeDriver safe.
ChromeDriver was started successfully.
сент. 02, 2021 10:44:47 PM org.openqa.selenium.remote.ProtocolHandshake createSession
INFO: Detected dialect: W3C
]]></system-err>
</testsuite>
